<?xml version="1.0" encoding="UTF-8"?>
<testsuite name="io.napa.interview_challenges.RangeTest" tests="1" skipped="0" failures="0" errors="0" timestamp="2022-10-14T03:29:57" hostname="VIETDP" time="0.051">
  <properties/>
  <testcase name="should_create_range_generic()" classname="io.napa.interview_challenges.RangeTest" time="0.051"/>
  <system-out><![CDATA[]]></system-out>
  <system-err><![CDATA[]]></system-err>
</testsuite>
